Build started 11/22/2015 6:05:47 PM.
     1>Project "F:\Github\Demo-Bezier\DemoDirectX\DemoDirectX.vcxproj" on node 2 (Build target(s)).
     1>ClCompile:
         C:\Program Files (x86)\Microsoft Visual Studio 12.0\VC\bin\CL.exe /c /ZI /nologo /W3 /WX- /sdl /Od /Oy- /D WIN32 /D _CRT_SECURE_NO_WARNINGS /D _DEBUG /D _WINDOWS /D _UNICODE /D UNICODE /Gm /EHsc /RTC1 /MDd /GS /fp:precise /Zc:wchar_t /Zc:forScope /Fo"Debug\\" /Fd"Debug\vc120.pdb" /Gz /TP /analyze- /errorReport:prompt TestScene.cpp
         TestScene.cpp
         c:\program files (x86)\microsoft directx sdk (june 2010)\include\dinput.h: DIRECTINPUT_VERSION undefined. Defaulting to version 0x0800
     1>f:\github\demo-bezier\demodirectx\testscene.cpp(321): warning C4804: '>' : unsafe use of type 'bool' in operation
     1>f:\github\demo-bezier\demodirectx\testscene.cpp(333): warning C4305: 'initializing' : truncation from 'double' to 'float'
       Link:
         C:\Program Files (x86)\Microsoft Visual Studio 12.0\VC\bin\link.exe /ERRORREPORT:PROMPT /OUT:"F:\Github\Demo-Bezier\Debug\DemoDirectX.exe" /INCREMENTAL /NOLOGO d3dx9.lib d3d9.lib dxguid.lib dinput8.lib zlib.lib winmm.lib kernel32.lib user32.lib gdi32.lib winspool.lib comdlg32.lib advapi32.lib shell32.lib ole32.lib oleaut32.lib uuid.lib odbc32.lib odbccp32.lib /MANIFEST /MANIFESTUAC:"level='asInvoker' uiAccess='false'" /manifest:embed /DEBUG /PDB:"F:\Github\Demo-Bezier\Debug\DemoDirectX.pdb" /SUBSYSTEM:WINDOWS /TLBID:1 /DYNAMICBASE /NXCOMPAT /IMPLIB:"F:\Github\Demo-Bezier\Debug\DemoDirectX.lib" /MACHINE:X86 Debug\Game.obj
         Debug\GameConverter.obj
         Debug\GameDebugDraw.obj
         Debug\GameGlobal.obj
         Debug\GameInput.obj
         Debug\GameLog.obj
         Debug\GameTime.obj
         Debug\main.obj
         Debug\Scene.obj
         Debug\SceneManager.obj
         Debug\Sprite.obj
         Debug\TestScene.obj
         DemoDirectX.vcxproj -> F:\Github\Demo-Bezier\Debug\DemoDirectX.exe
     1>Done Building Project "F:\Github\Demo-Bezier\DemoDirectX\DemoDirectX.vcxproj" (Build target(s)).

Build succeeded.

Time Elapsed 00:00:03.69
