--->27-08-2015.20:13:44<---
Create Device successed
--->27-08-2015.20:15:05<---
Create Device successed
--->28-08-2015.06:24:17<---
Create Device successed
--->28-08-2015.06:36:48<---
Create Device successed
--->28-08-2015.06:39:18<---
Create Device successed
--->28-08-2015.07:12:13<---
Create Device successed
--->28-08-2015.07:14:48<---
Create Device successed
--->28-08-2015.07:23:44<---
Create Device successed
--->28-08-2015.07:23:55<---
Create Device successed
--->28-08-2015.07:25:15<---
Create Device successed
--->28-08-2015.07:25:59<---
Create Device successed
--->28-08-2015.08:23:44<---
Create Device successed
--->28-08-2015.08:26:04<---
Create Device successed
--->28-08-2015.08:26:59<---
Create Device successed
--->28-08-2015.08:28:26<---
Create Device successed
--->28-08-2015.08:35:28<---
Create Device successed
--->28-08-2015.13:04:09<---
Create Device successed
--->28-08-2015.13:09:13<---
Create Device successed
--->28-08-2015.13:10:28<---
Create Device successed
--->28-08-2015.13:17:18<---
Create Device successed
--->28-08-2015.13:18:45<---
Create Device successed
--->28-08-2015.13:20:16<---
Create Device successed
--->28-08-2015.13:28:59<---
Create Device successed
--->28-08-2015.13:31:10<---
Create Device successed
--->28-08-2015.13:32:49<---
Create Device successed
--->28-08-2015.13:33:52<---
Create Device successed
--->28-08-2015.13:35:46<---
Create Device successed
--->28-08-2015.13:35:52<---
Create Device successed
--->28-08-2015.13:36:47<---
Create Device successed
--->28-08-2015.13:38:07<---
Create Device successed
--->28-08-2015.13:38:32<---
Create Device successed
--->28-08-2015.13:38:52<---
Create Device successed
--->28-08-2015.13:40:11<---
Create Device successed
--->28-08-2015.13:40:53<---
Create Device successed
--->28-08-2015.13:49:29<---
Create Device successed
--->28-08-2015.14:00:27<---
Create Device successed
--->28-08-2015.14:00:50<---
Create Device successed
--->28-08-2015.14:01:04<---
Create Device successed
--->28-08-2015.14:43:19<---
Create Device successed
--->28-08-2015.14:44:29<---
Create Device successed
--->28-08-2015.14:46:45<---
Create Device successed
--->28-08-2015.14:47:25<---
Create Device successed
--->28-08-2015.14:48:26<---
Create Device successed
--->28-08-2015.14:50:06<---
Create Device successed
--->28-08-2015.14:50:39<---
Create Device successed
--->28-08-2015.14:51:09<---
Create Device successed
--->28-08-2015.14:54:24<---
Create Device successed
--->28-08-2015.14:55:06<---
Create Device successed
--->28-08-2015.14:56:38<---
Create Device successed
--->28-08-2015.14:56:55<---
Create Device successed
--->28-08-2015.14:57:06<---
Create Device successed
--->28-08-2015.14:58:52<---
Create Device successed
--->28-08-2015.14:59:16<---
Create Device successed
--->28-08-2015.14:59:35<---
Create Device successed
--->28-08-2015.15:16:29<---
Create Device successed
--->28-08-2015.15:16:52<---
Create Device successed
--->28-08-2015.15:17:56<---
Create Device successed
--->28-08-2015.15:18:23<---
Create Device successed
--->28-08-2015.15:18:50<---
Create Device successed
--->28-08-2015.15:19:22<---
Create Device successed
--->28-08-2015.15:19:46<---
Create Device successed
--->28-08-2015.15:29:37<---
Create Device successed
--->28-08-2015.15:43:00<---
Create Device successed
--->28-08-2015.15:43:15<---
Create Device successed
--->28-08-2015.15:48:14<---
Create Device successed
--->28-08-2015.15:50:11<---
Create Device successed
--->28-08-2015.15:50:22<---
Create Device successed
--->28-08-2015.15:51:09<---
Create Device successed
--->28-08-2015.15:51:34<---
Create Device successed
--->28-08-2015.15:51:57<---
Create Device successed
--->28-08-2015.15:52:44<---
Create Device successed
--->28-08-2015.15:53:02<---
Create Device successed
--->28-08-2015.15:53:54<---
Create Device successed
--->28-08-2015.15:56:07<---
Create Device successed
--->28-08-2015.15:56:44<---
Create Device successed
--->28-08-2015.15:57:36<---
Create Device successed
--->28-08-2015.15:58:09<---
Create Device successed
--->28-08-2015.15:58:40<---
Create Device successed
--->28-08-2015.15:59:06<---
Create Device successed
--->28-08-2015.16:01:01<---
Create Device successed
--->28-08-2015.16:01:17<---
Create Device successed
--->28-08-2015.16:31:41<---
Create Device successed
--->28-08-2015.16:33:12<---
Create Device successed
--->28-08-2015.16:34:24<---
Create Device successed
--->28-08-2015.16:34:53<---
Create Device successed
--->28-08-2015.16:35:48<---
Create Device successed
--->28-08-2015.16:36:15<---
Create Device successed
--->28-08-2015.16:37:18<---
Create Device successed
--->28-08-2015.16:37:47<---
Create Device successed
--->28-08-2015.16:39:34<---
Create Device successed
--->28-08-2015.16:40:35<---
Create Device successed
--->28-08-2015.16:41:41<---
Create Device successed
--->28-08-2015.16:42:54<---
Create Device successed
--->28-08-2015.16:45:43<---
Create Device successed
--->28-08-2015.16:46:05<---
Create Device successed
--->28-08-2015.16:55:45<---
Create Device successed
--->28-08-2015.16:56:24<---
Create Device successed
--->28-08-2015.16:57:25<---
Create Device successed
--->28-08-2015.16:58:46<---
Create Device successed
--->28-08-2015.16:59:07<---
Create Device successed
--->28-08-2015.17:00:02<---
Create Device successed
--->28-08-2015.17:00:43<---
Create Device successed
--->28-08-2015.17:02:12<---
Create Device successed
--->28-08-2015.17:03:33<---
Create Device successed
--->28-08-2015.17:04:25<---
Create Device successed
--->28-08-2015.17:04:55<---
Create Device successed
--->28-08-2015.17:15:52<---
Create Device successed
--->28-08-2015.17:16:36<---
Create Device successed
--->28-08-2015.17:17:36<---
Create Device successed
--->28-08-2015.17:19:35<---
Create Device successed
--->29-08-2015.08:24:15<---
Create Device successed
--->29-08-2015.08:26:57<---
Create Device successed
--->29-08-2015.09:32:50<---
Create Device successed
--->29-08-2015.09:36:10<---
Create Device successed
--->29-08-2015.09:42:15<---
Create Device successed
--->29-08-2015.10:13:26<---
Create Device successed
--->29-08-2015.12:09:44<---
Create Device successed
--->29-08-2015.12:11:36<---
Create Device successed
--->29-08-2015.12:17:04<---
Create Device successed
--->29-08-2015.12:19:25<---
Create Device successed
--->29-08-2015.12:19:33<---
Create Device successed
--->29-08-2015.15:35:57<---
Create Device successed
--->29-08-2015.15:59:54<---
Create Device successed
--->29-08-2015.16:00:01<---
Create Device successed
--->29-08-2015.16:03:32<---
Image Begin loading
--->29-08-2015.16:04:04<---
Image Begin loading
--->29-08-2015.16:04:51<---
Image Begin loading
--->29-08-2015.16:05:47<---
Image Begin loading
--->29-08-2015.16:06:35<---
Image Begin loading
--->29-08-2015.16:07:32<---
Image Begin loading
--->29-08-2015.16:27:53<---
[Error] get image info failed /mario/standingright.png
--->29-08-2015.16:29:00<---
Sources: m
--->29-08-2015.16:30:51<---
Sources: mariotileset.png
--->29-08-2015.17:02:44<---
Create Device successed
--->29-08-2015.18:46:43<---
Create Device successed
--->30-08-2015.09:48:10<---
Create Device successed
--->30-08-2015.09:49:25<---
Create Device successed
--->30-08-2015.09:52:20<---
Create Device successed
--->30-08-2015.09:54:27<---
Create Device successed
--->30-08-2015.09:55:41<---
Create Device successed
--->30-08-2015.09:55:58<---
Create Device successed
--->30-08-2015.09:56:51<---
Create Device successed
--->30-08-2015.09:57:47<---
Create Device successed
--->30-08-2015.09:58:19<---
Create Device successed
--->30-08-2015.10:14:52<---
Create Device successed
--->30-08-2015.10:15:11<---
Create Device successed
--->30-08-2015.10:15:33<---
Create Device successed
--->30-08-2015.10:23:31<---
Create Device successed
--->30-08-2015.10:23:40<---
Create Device successed
--->30-08-2015.11:39:15<---
Create Device successed
--->30-08-2015.11:40:01<---
Create Device successed
--->30-08-2015.11:40:34<---
Create Device successed
--->30-08-2015.11:42:32<---
Create Device successed
--->30-08-2015.11:43:06<---
Create Device successed
--->30-08-2015.11:43:11<---
Create Device successed
--->30-08-2015.11:43:51<---
Create Device successed
--->30-08-2015.11:44:18<---
Create Device successed
--->30-08-2015.11:47:47<---
Create Device successed
--->30-08-2015.11:48:06<---
Create Device successed
--->30-08-2015.16:52:43<---
Create Device successed
--->30-08-2015.16:53:37<---
Create Device successed
--->30-08-2015.16:55:05<---
Create Device successed
--->30-08-2015.16:55:18<---
Create Device successed
--->30-08-2015.16:56:16<---
Create Device successed
--->30-08-2015.16:57:03<---
Create Device successed
--->30-08-2015.16:58:23<---
Create Device successed
--->30-08-2015.16:58:43<---
Create Device successed
--->30-08-2015.16:59:16<---
Create Device successed
--->30-08-2015.19:13:39<---
Create Device successed
--->30-08-2015.19:16:29<---
Create Device successed
--->30-08-2015.19:18:29<---
Create Device successed
--->30-08-2015.19:19:02<---
Create Device successed
--->30-08-2015.19:20:47<---
Create Device successed
--->30-08-2015.19:22:55<---
Create Device successed
--->30-08-2015.19:24:11<---
Create Device successed
--->30-08-2015.19:28:00<---
Create Device successed
--->30-08-2015.19:29:09<---
Create Device successed
--->30-08-2015.19:30:01<---
Create Device successed
--->30-08-2015.19:30:24<---
Create Device successed
--->30-08-2015.19:31:04<---
Create Device successed
--->30-08-2015.19:59:22<---
Create Device successed
--->30-08-2015.20:05:08<---
Create Device successed
--->30-08-2015.20:06:25<---
Create Device successed
--->30-08-2015.20:07:26<---
Create Device successed
--->30-08-2015.20:07:58<---
Create Device successed
--->30-08-2015.20:09:46<---
Create Device successed
--->30-08-2015.20:10:28<---
Create Device successed
--->30-08-2015.20:11:21<---
Create Device successed
--->30-08-2015.20:11:54<---
Create Device successed
--->30-08-2015.20:15:19<---
Create Device successed
--->30-08-2015.20:16:29<---
Create Device successed
--->30-08-2015.20:16:53<---
Create Device successed
--->30-08-2015.20:18:24<---
Create Device successed
--->30-08-2015.20:18:52<---
Create Device successed
--->30-08-2015.20:19:11<---
Create Device successed
--->30-08-2015.20:19:38<---
Create Device successed
--->30-08-2015.20:21:00<---
Create Device successed
--->30-08-2015.20:21:36<---
Create Device successed
--->30-08-2015.20:23:20<---
Create Device successed
--->30-08-2015.20:26:16<---
Create Device successed
--->30-08-2015.21:04:30<---
Create Device successed
--->30-08-2015.21:09:47<---
Create Device successed
--->30-08-2015.21:21:27<---
Create Device successed
--->30-08-2015.21:23:34<---
Create Device successed
--->30-08-2015.21:24:16<---
Create Device successed
--->30-08-2015.21:26:51<---
Create Device successed
--->30-08-2015.21:27:55<---
Create Device successed
--->30-08-2015.21:29:53<---
Create Device successed
--->30-08-2015.21:30:45<---
Create Device successed
--->30-08-2015.21:30:52<---
Create Device successed
--->30-08-2015.21:32:56<---
Create Device successed
--->30-08-2015.21:33:30<---
Create Device successed
--->30-08-2015.21:34:10<---
Create Device successed
--->30-08-2015.21:34:45<---
Create Device successed
--->30-08-2015.21:36:30<---
Create Device successed
--->30-08-2015.21:37:56<---
Create Device successed
--->30-08-2015.21:43:48<---
Create Device successed
--->30-08-2015.21:44:35<---
Create Device successed
--->30-08-2015.21:49:04<---
Create Device successed
--->30-08-2015.21:52:11<---
Create Device successed
--->30-08-2015.21:53:34<---
Create Device successed
--->30-08-2015.21:55:35<---
Create Device successed
--->30-08-2015.22:02:27<---
Create Device successed
--->30-08-2015.22:12:39<---
Create Device successed
--->30-08-2015.22:12:56<---
Create Device successed
--->30-08-2015.22:16:54<---
Create Device successed
--->30-08-2015.22:18:12<---
Create Device successed
--->30-08-2015.22:19:51<---
Create Device successed
--->30-08-2015.22:20:16<---
Create Device successed
--->30-08-2015.22:21:04<---
Create Device successed
--->30-08-2015.22:22:45<---
Create Device successed
--->30-08-2015.22:24:36<---
Create Device successed
--->30-08-2015.22:25:52<---
Create Device successed
--->30-08-2015.22:27:24<---
Create Device successed
--->30-08-2015.22:30:54<---
Create Device successed
--->30-08-2015.22:31:31<---
Create Device successed
--->30-08-2015.22:32:42<---
Create Device successed
--->30-08-2015.22:33:15<---
Create Device successed
--->30-08-2015.22:34:08<---
Create Device successed
--->30-08-2015.22:36:19<---
Create Device successed
--->30-08-2015.22:38:15<---
Create Device successed
--->30-08-2015.22:38:32<---
Create Device successed
--->30-08-2015.22:40:52<---
Create Device successed
--->30-08-2015.22:43:29<---
Create Device successed
--->30-08-2015.22:44:40<---
Create Device successed
--->30-08-2015.22:45:35<---
Create Device successed
--->30-08-2015.22:47:29<---
Create Device successed
--->30-08-2015.22:48:32<---
Create Device successed
--->30-08-2015.22:49:27<---
Create Device successed
--->30-08-2015.22:50:38<---
Create Device successed
--->30-08-2015.22:51:43<---
Create Device successed
--->30-08-2015.22:52:50<---
Create Device successed
--->30-08-2015.22:57:22<---
Create Device successed
--->30-08-2015.22:58:26<---
Create Device successed
--->30-08-2015.22:59:51<---
Create Device successed
--->30-08-2015.23:01:15<---
Create Device successed
--->30-08-2015.23:02:37<---
Create Device successed
--->30-08-2015.23:03:05<---
Create Device successed
--->30-08-2015.23:03:23<---
Create Device successed
--->30-08-2015.23:05:03<---
Create Device successed
--->30-08-2015.23:06:10<---
Create Device successed
--->30-08-2015.23:06:58<---
Create Device successed
--->30-08-2015.23:08:17<---
Create Device successed
--->30-08-2015.23:09:00<---
Create Device successed
--->30-08-2015.23:11:36<---
Create Device successed
--->30-08-2015.23:12:08<---
Create Device successed
--->30-08-2015.23:13:54<---
Create Device successed
--->30-08-2015.23:14:20<---
Create Device successed
--->30-08-2015.23:15:10<---
Create Device successed
--->30-08-2015.23:15:32<---
Create Device successed
--->30-08-2015.23:15:51<---
Create Device successed
--->30-08-2015.23:18:25<---
Create Device successed
--->30-08-2015.23:18:42<---
Create Device successed
--->30-08-2015.23:19:20<---
Create Device successed
--->30-08-2015.23:19:35<---
Create Device successed
--->30-08-2015.23:20:00<---
Create Device successed
--->30-08-2015.23:22:17<---
Create Device successed
--->30-08-2015.23:22:52<---
Create Device successed
--->31-08-2015.09:28:48<---
Create Device successed
--->31-08-2015.09:29:50<---
Create Device successed
--->31-08-2015.09:30:36<---
Create Device successed
--->31-08-2015.09:31:41<---
Create Device successed
--->31-08-2015.09:32:16<---
Create Device successed
--->31-08-2015.09:33:21<---
Create Device successed
--->31-08-2015.09:34:32<---
Create Device successed
--->31-08-2015.09:39:25<---
Create Device successed
--->31-08-2015.09:40:59<---
Create Device successed
--->31-08-2015.09:41:37<---
Create Device successed
--->31-08-2015.09:42:30<---
Create Device successed
--->31-08-2015.09:43:02<---
Create Device successed
--->31-08-2015.09:44:13<---
Create Device successed
--->31-08-2015.09:45:51<---
Create Device successed
--->31-08-2015.09:47:51<---
Create Device successed
--->31-08-2015.09:49:11<---
Create Device successed
--->31-08-2015.09:50:02<---
Create Device successed
--->31-08-2015.09:51:50<---
Create Device successed
--->31-08-2015.09:52:53<---
Create Device successed
--->31-08-2015.09:53:45<---
Create Device successed
--->31-08-2015.09:55:23<---
Create Device successed
--->31-08-2015.09:57:28<---
Create Device successed
--->31-08-2015.09:59:21<---
Create Device successed
--->31-08-2015.10:19:04<---
Create Device successed
--->31-08-2015.10:23:46<---
Create Device successed
--->31-08-2015.10:24:22<---
Create Device successed
--->31-08-2015.10:24:38<---
Create Device successed
--->31-08-2015.10:25:40<---
Create Device successed
--->31-08-2015.10:27:41<---
Create Device successed
--->31-08-2015.10:30:10<---
Create Device successed
--->31-08-2015.10:30:47<---
Create Device successed
--->31-08-2015.10:31:28<---
Create Device successed
--->31-08-2015.10:32:15<---
Create Device successed
--->31-08-2015.10:34:40<---
Create Device successed
--->31-08-2015.10:36:01<---
Create Device successed
--->31-08-2015.10:49:05<---
Create Device successed
--->31-08-2015.10:51:25<---
Create Device successed
--->31-08-2015.10:53:03<---
Create Device successed
--->31-08-2015.10:53:54<---
Create Device successed
--->31-08-2015.10:54:26<---
Create Device successed
--->31-08-2015.11:01:13<---
Create Device successed
--->31-08-2015.11:01:44<---
Create Device successed
--->31-08-2015.11:02:16<---
Create Device successed
--->31-08-2015.11:05:21<---
Create Device successed
--->31-08-2015.11:05:49<---
Create Device successed
--->31-08-2015.11:06:45<---
Create Device successed
--->31-08-2015.11:07:02<---
Create Device successed
--->31-08-2015.11:09:38<---
Create Device successed
--->31-08-2015.11:34:50<---
Create Device successed
--->31-08-2015.11:57:59<---
Create Device successed
--->31-08-2015.11:58:16<---
Create Device successed
--->31-08-2015.11:58:34<---
Create Device successed
--->31-08-2015.12:01:10<---
Create Device successed
--->31-08-2015.12:01:49<---
Create Device successed
--->31-08-2015.12:02:49<---
Create Device successed
--->31-08-2015.12:05:55<---
Create Device successed
--->31-08-2015.12:06:24<---
Create Device successed
--->31-08-2015.12:07:15<---
Create Device successed
--->31-08-2015.12:08:04<---
Create Device successed
--->31-08-2015.12:10:45<---
Create Device successed
--->31-08-2015.12:12:12<---
Create Device successed
--->31-08-2015.12:23:37<---
Create Device successed
--->31-08-2015.15:52:23<---
Create Device successed
--->31-08-2015.15:54:04<---
Create Device successed
--->31-08-2015.15:58:48<---
Create Device successed
--->31-08-2015.16:00:04<---
Create Device successed
--->31-08-2015.16:09:09<---
Create Device successed
--->31-08-2015.16:26:23<---
Create Device successed
--->31-08-2015.16:30:50<---
Create Device successed
--->31-08-2015.16:31:07<---
Create Device successed
--->31-08-2015.16:32:58<---
Create Device successed
--->31-08-2015.16:33:23<---
Create Device successed
--->31-08-2015.16:34:21<---
Create Device successed
--->31-08-2015.16:34:37<---
Create Device successed
--->31-08-2015.16:34:58<---
Create Device successed
--->31-08-2015.16:35:14<---
Create Device successed
--->31-08-2015.16:37:32<---
Create Device successed
--->31-08-2015.16:40:54<---
Create Device successed
--->31-08-2015.17:13:22<---
Create Device successed
--->31-08-2015.17:16:36<---
Create Device successed
--->31-08-2015.17:18:29<---
Create Device successed
--->31-08-2015.17:19:19<---
Create Device successed
--->31-08-2015.17:22:21<---
Create Device successed
--->31-08-2015.17:22:31<---
Create Device successed
--->31-08-2015.17:23:11<---
Create Device successed
--->31-08-2015.17:24:02<---
Create Device successed
--->31-08-2015.17:32:33<---
Create Device successed
--->31-08-2015.17:33:32<---
Create Device successed
--->31-08-2015.17:35:28<---
Create Device successed
--->31-08-2015.17:35:58<---
Create Device successed
--->31-08-2015.17:36:21<---
Create Device successed
--->31-08-2015.17:39:41<---
Create Device successed
--->31-08-2015.19:29:19<---
Create Device successed
--->31-08-2015.19:29:39<---
Create Device successed
--->31-08-2015.19:30:39<---
Create Device successed
--->31-08-2015.19:31:04<---
Create Device successed
--->31-08-2015.19:31:32<---
Create Device successed
--->31-08-2015.19:31:57<---
Create Device successed
--->31-08-2015.19:32:37<---
Create Device successed
--->31-08-2015.19:32:52<---
Create Device successed
--->31-08-2015.19:35:03<---
Create Device successed
--->31-08-2015.19:37:02<---
Create Device successed
--->31-08-2015.19:39:26<---
Create Device successed
--->31-08-2015.19:39:31<---
Create Device successed
--->31-08-2015.19:39:42<---
Create Device successed
--->31-08-2015.19:55:21<---
Create Device successed
--->31-08-2015.20:01:27<---
Create Device successed
--->31-08-2015.20:01:36<---
Create Device successed
--->31-08-2015.20:01:49<---
Create Device successed
--->31-08-2015.20:02:01<---
Create Device successed
--->02-09-2015.12:26:50<---
Create Device successed
--->02-09-2015.12:33:23<---
Create Device successed
--->02-09-2015.12:33:33<---
Create Device successed
--->02-09-2015.13:02:16<---
Create Device successed
--->02-09-2015.13:05:00<---
Create Device successed
--->02-09-2015.13:06:22<---
Create Device successed
--->02-09-2015.13:06:51<---
Create Device successed
--->02-09-2015.13:21:00<---
Create Device successed
--->02-09-2015.16:34:32<---
Create Device successed
--->08-09-2015.12:27:28<---
Create Device successed
--->08-09-2015.12:35:32<---
Create Device successed
--->08-09-2015.12:36:42<---
Create Device successed
--->08-09-2015.12:36:56<---
Create Device successed
--->08-09-2015.12:38:35<---
Create Device successed
--->08-09-2015.12:38:41<---
Create Device successed
--->08-09-2015.12:38:59<---
Create Device successed
--->08-09-2015.12:39:19<---
Create Device successed
--->08-09-2015.12:39:30<---
Create Device successed
--->08-09-2015.12:42:39<---
Create Device successed
--->08-09-2015.12:44:20<---
Create Device successed
--->08-09-2015.12:44:38<---
Create Device successed
--->08-09-2015.12:45:15<---
Create Device successed
--->08-09-2015.12:46:04<---
Create Device successed
--->08-09-2015.12:46:43<---
Create Device successed
--->08-09-2015.12:46:47<---
Create Device successed
--->08-09-2015.12:46:53<---
Create Device successed
--->08-09-2015.12:48:19<---
Create Device successed
--->08-09-2015.12:48:29<---
Create Device successed
--->08-09-2015.12:49:51<---
Create Device successed
--->10-09-2015.19:37:10<---
Create Device successed
--->10-09-2015.19:40:31<---
Create Device successed
--->10-09-2015.19:52:10<---
Create Device successed
--->10-09-2015.19:56:13<---
Create Device successed
--->10-09-2015.20:05:50<---
Create Device successed
--->10-09-2015.20:16:22<---
Create Device successed
--->10-09-2015.20:24:33<---
Create Device successed
--->10-09-2015.20:31:48<---
Create Device successed
--->10-09-2015.20:41:03<---
Create Device successed
--->19-09-2015.19:20:20<---
Create Device successed
--->19-09-2015.19:21:29<---
Create Device successed
--->19-09-2015.19:22:30<---
Create Device successed
--->19-09-2015.19:24:39<---
Create Device successed
--->19-09-2015.19:25:16<---
Create Device successed
--->19-09-2015.19:27:50<---
Create Device successed
--->19-09-2015.19:28:48<---
Create Device successed
--->19-09-2015.19:31:22<---
Create Device successed
--->19-09-2015.19:31:29<---
Create Device successed
--->19-09-2015.19:33:34<---
Create Device successed
--->19-09-2015.19:37:09<---
Create Device successed
--->19-09-2015.19:37:58<---
Create Device successed
--->19-09-2015.19:39:08<---
Create Device successed
--->19-09-2015.19:45:52<---
Create Device successed
--->19-09-2015.19:47:18<---
Create Device successed
--->19-09-2015.19:48:42<---
Create Device successed
--->19-09-2015.19:49:20<---
Create Device successed
--->19-09-2015.19:54:14<---
Create Device successed
--->19-09-2015.21:50:47<---
Create Device successed
--->19-09-2015.21:55:57<---
Create Device successed
--->19-09-2015.21:56:59<---
Create Device successed
--->19-09-2015.21:57:28<---
Create Device successed
--->19-09-2015.21:57:42<---
Create Device successed
--->19-09-2015.21:59:14<---
Create Device successed
--->19-09-2015.22:00:24<---
Create Device successed
--->19-09-2015.22:00:38<---
Create Device successed
--->19-09-2015.22:01:05<---
Create Device successed
--->19-09-2015.22:01:22<---
Create Device successed
--->19-09-2015.22:01:50<---
Create Device successed
--->19-09-2015.22:05:27<---
Create Device successed
--->19-09-2015.22:07:30<---
Create Device successed
--->19-09-2015.22:07:47<---
Create Device successed
--->19-09-2015.22:09:48<---
Create Device successed
--->19-09-2015.22:11:44<---
Create Device successed
--->19-09-2015.22:42:01<---
Create Device successed
--->02-10-2015.18:13:07<---
Create Device successed
--->02-10-2015.18:14:55<---
Create Device successed
--->02-10-2015.18:16:44<---
Create Device successed
--->02-10-2015.18:17:03<---
Create Device successed
--->02-10-2015.18:17:23<---
Create Device successed
--->02-10-2015.18:17:43<---
Create Device successed
--->02-10-2015.18:19:01<---
Create Device successed
--->02-10-2015.18:21:19<---
Create Device successed
--->02-10-2015.18:21:56<---
Create Device successed
--->02-10-2015.18:57:29<---
Create Device successed
--->02-10-2015.19:01:18<---
Create Device successed
--->02-10-2015.19:01:33<---
Create Device successed
--->02-10-2015.19:01:54<---
Create Device successed
--->02-10-2015.19:01:59<---
Create Device successed
--->02-10-2015.19:02:32<---
Create Device successed
--->02-10-2015.19:03:09<---
Create Device successed
--->02-10-2015.19:03:13<---
Create Device successed
--->02-10-2015.19:04:15<---
Create Device successed
--->02-10-2015.19:04:30<---
Create Device successed
--->02-10-2015.19:05:24<---
create input successed
--->02-10-2015.19:05:59<---
create input successed
--->02-10-2015.19:08:06<---
create input successed
--->02-10-2015.19:08:46<---
create input successed
--->02-10-2015.19:09:01<---
create input successed
--->02-10-2015.19:10:06<---
create input successed
--->02-10-2015.19:10:11<---
create input successed
--->02-10-2015.19:11:40<---
create input successed
--->02-10-2015.19:12:07<---
create input successed
--->02-10-2015.19:12:27<---
create input successed
--->02-10-2015.19:14:13<---
create input successed
--->02-10-2015.19:14:29<---
create input successed
--->02-10-2015.19:14:53<---
create input successed
--->02-10-2015.19:15:34<---
create input successed
--->19-10-2015.20:09:40<---
create input successed
--->19-10-2015.20:18:38<---
create input successed
--->19-10-2015.20:22:32<---
create input successed
--->19-10-2015.20:50:35<---
create input successed
--->19-10-2015.20:53:59<---
create input successed
--->19-10-2015.20:54:11<---
create input successed
--->19-10-2015.20:58:45<---
create input successed
--->19-10-2015.20:59:42<---
create input successed
--->19-10-2015.20:59:57<---
create input successed
--->19-10-2015.21:00:09<---
create input successed
--->19-10-2015.21:02:04<---
create input successed
--->19-10-2015.21:03:43<---
create input successed
--->19-10-2015.21:05:18<---
create input successed
--->19-10-2015.21:05:27<---
create input successed
--->19-10-2015.21:06:04<---
create input successed
--->19-10-2015.21:06:55<---
create input successed
--->19-10-2015.21:07:37<---
create input successed
--->19-10-2015.21:07:59<---
create input successed
--->19-10-2015.21:09:34<---
create input successed
--->19-10-2015.21:09:49<---
create input successed
--->19-10-2015.21:10:43<---
create input successed
--->19-10-2015.21:11:07<---
create input successed
--->19-10-2015.21:24:36<---
create input successed
--->19-10-2015.21:29:02<---
create input successed
--->19-10-2015.21:30:24<---
create input successed
--->19-10-2015.21:31:50<---
create input successed
--->19-10-2015.21:32:04<---
create input successed
--->19-10-2015.21:32:49<---
create input successed
--->19-10-2015.21:33:05<---
create input successed
--->19-10-2015.21:33:17<---
create input successed
--->19-10-2015.21:33:25<---
create input successed
--->19-10-2015.21:34:02<---
create input successed
--->19-10-2015.21:34:48<---
create input successed
--->19-10-2015.21:41:37<---
create input successed
--->19-10-2015.21:42:12<---
create input successed
--->19-10-2015.21:49:31<---
create input successed
--->19-10-2015.21:50:01<---
create input successed
--->19-10-2015.21:50:30<---
create input successed
--->19-10-2015.21:50:52<---
create input successed
--->19-10-2015.21:51:04<---
create input successed
--->19-10-2015.21:53:10<---
create input successed
--->19-10-2015.21:53:31<---
create input successed
--->19-10-2015.21:53:43<---
create input successed
--->19-10-2015.21:53:57<---
create input successed
--->19-10-2015.21:55:49<---
create input successed
--->19-10-2015.22:00:00<---
create input successed
--->19-10-2015.22:00:16<---
create input successed
--->19-10-2015.22:00:45<---
create input successed
--->19-10-2015.22:01:08<---
create input successed
--->19-10-2015.22:01:15<---
create input successed
--->19-10-2015.22:01:53<---
create input successed
--->19-10-2015.22:02:03<---
create input successed
--->19-10-2015.22:02:24<---
create input successed
--->19-10-2015.22:02:57<---
create input successed
--->19-10-2015.22:03:34<---
create input successed
--->19-10-2015.22:04:02<---
create input successed
--->19-10-2015.22:04:55<---
create input successed
--->19-10-2015.22:05:17<---
create input successed
--->19-10-2015.22:07:02<---
create input successed
--->19-10-2015.22:07:56<---
create input successed
--->19-10-2015.22:09:31<---
create input successed
--->19-10-2015.22:09:44<---
create input successed
--->19-10-2015.22:10:15<---
create input successed
--->19-10-2015.22:10:51<---
create input successed
--->19-10-2015.22:11:31<---
create input successed
--->19-10-2015.22:12:10<---
create input successed
--->19-10-2015.22:13:12<---
create input successed
--->19-10-2015.22:13:19<---
create input successed
--->19-10-2015.22:15:36<---
create input successed
--->19-10-2015.22:15:52<---
create input successed
--->19-10-2015.22:18:28<---
create input successed
--->19-10-2015.22:19:05<---
create input successed
--->19-10-2015.22:20:37<---
create input successed
--->19-10-2015.22:21:06<---
create input successed
--->19-10-2015.22:21:44<---
create input successed
--->19-10-2015.22:21:53<---
create input successed
--->19-10-2015.22:22:09<---
create input successed
--->19-10-2015.22:22:38<---
create input successed
--->19-10-2015.22:23:00<---
create input successed
--->19-10-2015.22:23:33<---
create input successed
--->19-10-2015.22:27:15<---
create input successed
--->19-10-2015.22:27:23<---
create input successed
--->19-10-2015.22:28:18<---
create input successed
--->19-10-2015.22:28:42<---
create input successed
--->19-10-2015.22:28:56<---
create input successed
--->19-10-2015.22:29:26<---
create input successed
--->19-10-2015.22:30:00<---
create input successed
--->19-10-2015.22:36:17<---
create input successed
--->19-10-2015.22:38:34<---
create input successed
--->19-10-2015.22:38:42<---
create input successed
--->19-10-2015.22:39:03<---
create input successed
--->19-10-2015.22:39:24<---
create input successed
--->19-10-2015.22:39:34<---
create input successed
--->19-10-2015.22:39:46<---
create input successed
--->19-10-2015.22:39:56<---
create input successed
--->19-10-2015.22:40:12<---
create input successed
--->19-10-2015.22:43:05<---
create input successed
--->19-10-2015.22:43:23<---
create input successed
--->19-10-2015.22:43:38<---
create input successed
--->19-10-2015.22:45:17<---
create input successed
--->19-10-2015.22:47:07<---
create input successed
--->19-10-2015.22:50:14<---
create input successed
--->19-10-2015.22:50:41<---
create input successed
--->19-10-2015.22:50:59<---
create input successed
--->19-10-2015.22:51:07<---
create input successed
--->19-10-2015.22:51:16<---
create input successed
--->19-10-2015.22:51:25<---
create input successed
--->19-10-2015.22:52:01<---
create input successed
--->19-10-2015.22:52:59<---
create input successed
--->19-10-2015.22:53:11<---
create input successed
--->19-10-2015.22:54:31<---
create input successed
--->19-10-2015.22:57:01<---
create input successed
--->19-10-2015.22:57:20<---
create input successed
--->19-10-2015.22:57:43<---
create input successed
--->19-10-2015.22:58:02<---
create input successed
--->19-10-2015.22:59:52<---
create input successed
--->19-10-2015.23:00:01<---
create input successed
--->19-10-2015.23:00:14<---
create input successed
--->19-10-2015.23:00:30<---
create input successed
--->19-10-2015.23:01:09<---
create input successed
--->19-10-2015.23:01:17<---
create input successed
--->19-10-2015.23:01:32<---
create input successed
--->19-10-2015.23:06:40<---
create input successed
--->19-10-2015.23:06:58<---
create input successed
--->19-10-2015.23:07:23<---
create input successed
--->19-10-2015.23:09:18<---
create input successed
--->19-10-2015.23:12:47<---
create input successed
--->19-10-2015.23:13:08<---
create input successed
--->19-10-2015.23:13:20<---
create input successed
--->19-10-2015.23:13:44<---
create input successed
--->19-10-2015.23:14:32<---
create input successed
--->19-10-2015.23:15:05<---
create input successed
--->19-10-2015.23:15:25<---
create input successed
--->19-10-2015.23:15:42<---
create input successed
--->19-10-2015.23:15:58<---
create input successed
--->19-10-2015.23:16:07<---
create input successed
--->19-10-2015.23:16:16<---
create input successed
--->19-10-2015.23:18:04<---
create input successed
--->19-10-2015.23:19:33<---
create input successed
--->19-10-2015.23:20:15<---
create input successed
--->19-10-2015.23:22:03<---
create input successed
--->19-10-2015.23:23:36<---
create input successed
--->19-10-2015.23:24:10<---
create input successed
--->19-10-2015.23:24:23<---
create input successed
--->19-10-2015.23:24:55<---
create input successed
--->19-10-2015.23:25:13<---
create input successed
--->19-10-2015.23:26:19<---
create input successed
--->19-10-2015.23:26:35<---
create input successed
--->19-10-2015.23:26:58<---
create input successed
--->19-10-2015.23:27:20<---
create input successed
--->19-10-2015.23:27:47<---
create input successed
--->19-10-2015.23:28:00<---
create input successed
--->19-10-2015.23:28:10<---
create input successed
--->19-10-2015.23:28:25<---
create input successed
--->19-10-2015.23:28:36<---
create input successed
--->19-10-2015.23:33:22<---
create input successed
--->19-10-2015.23:33:44<---
create input successed
--->19-10-2015.23:34:02<---
create input successed
--->19-10-2015.23:34:29<---
create input successed
--->19-10-2015.23:36:07<---
create input successed
--->20-10-2015.08:28:21<---
create input successed
--->20-10-2015.08:31:21<---
create input successed
--->20-10-2015.08:31:45<---
create input successed
--->20-10-2015.08:32:06<---
create input successed
--->20-10-2015.08:32:35<---
create input successed
--->20-10-2015.08:32:58<---
create input successed
--->20-10-2015.08:39:28<---
create input successed
--->20-10-2015.08:52:36<---
[Error] create texture failed dot2.png
--->20-10-2015.08:55:01<---
create input successed
--->20-10-2015.08:56:31<---
create input successed
--->20-10-2015.08:56:40<---
create input successed
--->20-10-2015.08:57:07<---
create input successed
--->20-10-2015.08:59:28<---
create input successed
--->20-10-2015.09:00:24<---
create input successed
--->20-10-2015.09:01:06<---
[Error] create texture failed dot2.png
--->20-10-2015.09:06:46<---
create input successed
--->20-10-2015.09:08:15<---
create input successed
--->20-10-2015.09:08:34<---
create input successed
--->20-10-2015.09:20:20<---
create input successed
--->20-10-2015.09:21:15<---
create input successed
--->20-10-2015.09:21:45<---
create input successed
--->20-10-2015.09:23:06<---
create input successed
--->20-10-2015.09:23:13<---
create input successed
--->20-10-2015.09:25:13<---
create input successed
--->20-10-2015.09:25:27<---
create input successed
--->20-10-2015.09:25:53<---
create input successed
--->20-10-2015.09:26:15<---
create input successed
--->20-10-2015.10:33:28<---
create input successed
--->20-10-2015.10:34:01<---
create input successed
--->20-10-2015.10:37:47<---
create input successed
--->20-10-2015.12:25:06<---
create input successed
--->20-10-2015.12:25:49<---
create input successed
--->20-10-2015.12:26:18<---
create input successed
--->20-10-2015.12:28:04<---
create input successed
--->20-10-2015.12:33:50<---
create input successed
--->20-10-2015.12:36:46<---
create input successed
--->20-10-2015.12:37:46<---
create input successed
--->20-10-2015.12:37:56<---
create input successed
--->20-10-2015.12:39:07<---
create input successed
--->20-10-2015.12:39:41<---
create input successed
--->20-10-2015.12:39:53<---
create input successed
--->20-10-2015.12:41:40<---
create input successed
--->20-10-2015.12:41:54<---
create input successed
--->20-10-2015.12:42:08<---
create input successed
--->20-10-2015.12:42:36<---
create input successed
--->20-10-2015.12:43:18<---
create input successed
--->20-10-2015.12:43:31<---
create input successed
--->20-10-2015.12:44:33<---
create input successed
--->20-10-2015.12:44:56<---
create input successed
--->20-10-2015.12:45:12<---
create input successed
--->20-10-2015.12:45:27<---
create input successed
--->20-10-2015.12:49:09<---
create input successed
--->20-10-2015.12:50:43<---
create input successed
--->20-10-2015.12:51:15<---
create input successed
--->20-10-2015.12:55:18<---
create input successed
--->20-10-2015.13:00:39<---
create input successed
--->20-10-2015.13:02:39<---
create input successed
--->28-10-2015.14:48:46<---
create input successed
--->02-11-2015.12:02:38<---
create input successed
--->02-11-2015.12:03:05<---
create input successed
--->02-11-2015.12:03:28<---
create input successed
--->02-11-2015.12:05:28<---
create input successed
--->02-11-2015.12:06:56<---
create input successed
--->02-11-2015.12:07:46<---
create input successed
--->02-11-2015.12:42:45<---
create input successed
--->02-11-2015.12:48:09<---
create input successed
--->02-11-2015.12:48:42<---
create input successed
--->02-11-2015.12:49:24<---
create input successed
--->02-11-2015.12:49:36<---
create input successed
--->02-11-2015.12:49:50<---
create input successed
--->02-11-2015.12:50:10<---
create input successed
--->02-11-2015.12:50:33<---
create input successed
--->02-11-2015.12:50:54<---
create input successed
--->02-11-2015.12:51:32<---
create input successed
--->05-11-2015.08:12:50<---
create input successed
--->14-11-2015.19:36:14<---
create input successed
--->14-11-2015.19:37:02<---
create input successed
--->14-11-2015.19:37:23<---
create input successed
--->14-11-2015.19:38:06<---
create input successed
--->14-11-2015.19:39:32<---
create input successed
--->14-11-2015.19:39:55<---
create input successed
--->14-11-2015.19:40:41<---
create input successed
--->14-11-2015.19:40:46<---
create input successed
--->14-11-2015.19:40:50<---
create input successed
--->14-11-2015.19:41:05<---
create input successed
--->14-11-2015.19:41:09<---
create input successed
--->14-11-2015.19:41:18<---
create input successed
--->14-11-2015.19:42:23<---
create input successed
--->14-11-2015.19:42:27<---
create input successed
--->14-11-2015.19:46:00<---
create input successed
--->14-11-2015.19:46:38<---
create input successed
--->14-11-2015.19:46:50<---
create input successed
--->14-11-2015.19:46:58<---
create input successed
--->14-11-2015.19:47:07<---
create input successed
--->14-11-2015.19:47:54<---
create input successed
--->14-11-2015.19:48:19<---
create input successed
--->14-11-2015.19:49:44<---
create input successed
--->14-11-2015.19:50:38<---
create input successed
--->14-11-2015.19:51:29<---
create input successed
--->14-11-2015.19:51:52<---
create input successed
--->14-11-2015.19:52:23<---
create input successed
--->14-11-2015.19:53:18<---
create input successed
--->14-11-2015.19:53:44<---
create input successed
--->14-11-2015.19:53:58<---
create input successed
--->14-11-2015.19:54:45<---
create input successed
--->14-11-2015.19:55:44<---
create input successed
--->14-11-2015.19:56:05<---
create input successed
--->14-11-2015.19:56:27<---
create input successed
--->14-11-2015.19:58:56<---
create input successed
--->14-11-2015.19:59:13<---
create input successed
--->14-11-2015.19:59:25<---
create input successed
--->14-11-2015.19:59:36<---
create input successed
--->14-11-2015.20:01:03<---
create input successed
--->14-11-2015.20:03:28<---
create input successed
--->14-11-2015.20:04:23<---
create input successed
--->14-11-2015.20:04:45<---
create input successed
--->14-11-2015.20:04:50<---
create input successed
--->14-11-2015.20:05:08<---
create input successed
--->14-11-2015.20:05:19<---
create input successed
--->14-11-2015.20:06:41<---
create input successed
--->14-11-2015.20:07:24<---
create input successed
--->14-11-2015.20:07:35<---
create input successed
--->14-11-2015.20:07:53<---
create input successed
--->14-11-2015.20:08:19<---
create input successed
--->14-11-2015.20:09:10<---
create input successed
--->14-11-2015.20:10:24<---
create input successed
--->14-11-2015.20:11:47<---
create input successed
--->14-11-2015.20:12:12<---
create input successed
--->14-11-2015.20:13:33<---
create input successed
--->14-11-2015.20:15:21<---
create input successed
--->14-11-2015.20:15:30<---
create input successed
--->14-11-2015.20:15:40<---
create input successed
--->14-11-2015.20:16:52<---
create input successed
--->14-11-2015.20:17:50<---
create input successed
--->14-11-2015.20:18:01<---
create input successed
--->14-11-2015.20:18:07<---
create input successed
--->14-11-2015.20:22:40<---
create input successed
--->14-11-2015.20:23:24<---
create input successed
--->14-11-2015.20:23:59<---
create input successed
--->14-11-2015.20:24:15<---
create input successed
--->14-11-2015.20:24:47<---
create input successed
--->14-11-2015.20:30:42<---
create input successed
--->18-11-2015.12:41:24<---
create input successed
--->18-11-2015.12:41:52<---
create input successed
--->18-11-2015.13:03:06<---
create input successed
--->21-11-2015.10:20:12<---
create input successed
--->22-11-2015.07:57:46<---
create input successed
--->22-11-2015.08:02:36<---
create input successed
--->22-11-2015.08:03:00<---
create input successed
--->22-11-2015.08:03:35<---
create input successed
--->22-11-2015.08:06:26<---
create input successed
--->22-11-2015.08:06:48<---
create input successed
--->22-11-2015.08:07:13<---
create input successed
--->22-11-2015.08:22:12<---
[Error] create input failed
--->22-11-2015.08:23:24<---
[Error] create input failed
--->22-11-2015.08:24:17<---
create input successed
--->22-11-2015.08:25:53<---
create input successed
--->22-11-2015.08:27:11<---
create input successed
--->22-11-2015.08:27:33<---
create input successed
--->22-11-2015.08:28:16<---
create input successed
--->22-11-2015.08:30:23<---
create input successed
--->22-11-2015.17:56:05<---
create input successed
--->22-11-2015.17:57:35<---
create input successed
--->22-11-2015.17:59:37<---
create input successed
--->22-11-2015.17:59:48<---
create input successed
--->22-11-2015.17:59:52<---
create input successed
--->22-11-2015.18:00:55<---
create input successed
--->22-11-2015.18:02:15<---
create input successed
--->22-11-2015.18:02:34<---
create input successed
--->22-11-2015.18:03:05<---
create input successed
--->22-11-2015.18:03:40<---
create input successed
--->22-11-2015.18:05:52<---
create input successed
--->22-11-2015.18:13:24<---
create input successed
